<?xml version="1.0" encoding="UTF-8"?>
<!-- Generated by org.testng.reporters.JUnitXMLReporter -->
<testsuite ignored="0" hostname="nikunj-20h1cto1ww" failures="0" tests="5" name="Default test" time="0.095" errors="0" timestamp="2021-01-15T02:26:46 IST">
  <testcase classname="TestCalculate" name="EmptyStringReturnZero" time="0.023"/>
  <testcase classname="TestCalculate" name="ReturnSumofThreeNumberWithCommaAndNewLineDelimiter" time="0.002"/>
  <testcase classname="TestCalculate" name="ReturnSumofTwoNumberWithCommaDelimiter" time="0.002"/>
  <testcase classname="TestCalculate" name="ReturnSumofTwoNumberWithNewLineDelimiter" time="0.002"/>
  <testcase classname="TestCalculate" name="StringWithSingleNumber" time="0.002"/>
</testsuite> <!-- Default test -->
